2026-02-07 23:35:43 - config - INFO - Loaded configuration from C:\Users\haywa\Downloads\test\ghosty-toolz-evolved\dist\GhostyToolzEvolved\_internal\config\config.yaml
2026-02-07 23:35:43 - main - INFO - Logging initialized
2026-02-07 23:35:43 - main - INFO - Ghosty Toolz Evolved v2.0.0 starting
2026-02-07 23:35:43 - main - INFO - Checking requirements...
2026-02-07 23:35:43 - main - INFO - Requirements check passed
2026-02-07 23:35:43 - main - INFO - Running with administrator privileges
2026-02-07 23:35:43 - main - INFO - Configuration loaded
2026-02-07 23:35:43 - main - INFO - Creating main window...
2026-02-07 23:35:44 - monitoring - INFO - Monitoring service initialized
2026-02-07 23:35:44 - performance_profiler - INFO - Performance profiler initialized
2026-02-07 23:35:44 - monitoring_tab - INFO - Starting monitoring
2026-02-07 23:35:44 - monitoring - INFO - Starting monitoring service
2026-02-07 23:35:44 - monitoring - INFO - All monitoring threads started
2026-02-07 23:35:44 - monitoring_tab - INFO - Monitoring tab initialized
2026-02-07 23:35:44 - main_window - INFO - Monitoring tab created
2026-02-07 23:35:44 - network_diagnostics - INFO - Network diagnostics initialized
2026-02-07 23:35:44 - diagnostics_tab - INFO - Diagnostics tab initialized
2026-02-07 23:35:44 - main_window - INFO - Diagnostics tab created
2026-02-07 23:35:45 - maintenance_tab - INFO - Maintenance tab initialized
2026-02-07 23:35:45 - main_window - INFO - Maintenance tab created
2026-02-07 23:35:45 - security_scanner - INFO - Security scanner initialized
2026-02-07 23:35:45 - remediation - INFO - Automated remediation initialized
2026-02-07 23:35:45 - system_operations - INFO - Executing command: powershell -Command "Get-MpComputerStatus | Select-Object -ExpandProperty AntivirusEnabled"
2026-02-07 23:35:45 - system_operations - WARNING - Using shell=True for command (security risk): powershell -Command "Get-MpComputerStatus | Select
2026-02-07 23:35:46 - system_operations - INFO - Command completed successfully: powershell -Command "Get-MpComputerStatus | Select
2026-02-07 23:35:46 - security_scanner - INFO - Checking firewall status
2026-02-07 23:35:46 - system_operations - INFO - Executing command: netsh advfirewall show allprofiles
2026-02-07 23:35:46 - system_operations - INFO - Command completed successfully: netsh advfirewall show allprofiles
2026-02-07 23:35:46 - system_operations - INFO - Executing command: netsh advfirewall firewall show rule name=all dir=in | find /c "Rule Name"
2026-02-07 23:35:46 - system_operations - WARNING - Using shell=True for command (security risk): netsh advfirewall firewall show rule name=all dir=
2026-02-07 23:35:46 - system_operations - INFO - Command completed successfully: netsh advfirewall firewall show rule name=all dir=
2026-02-07 23:35:46 - system_operations - INFO - Executing command: netsh advfirewall firewall show rule name=all dir=out | find /c "Rule Name"
2026-02-07 23:35:46 - system_operations - WARNING - Using shell=True for command (security risk): netsh advfirewall firewall show rule name=all dir=
2026-02-07 23:35:47 - system_operations - INFO - Command completed successfully: netsh advfirewall firewall show rule name=all dir=
2026-02-07 23:35:47 - security_scanner - INFO - Firewall status: Enabled (In: 243, Out: 210)
2026-02-07 23:35:47 - security_tab - INFO - Security tab initialized
2026-02-07 23:35:47 - main_window - INFO - Security tab created
2026-02-07 23:35:47 - registry_manager - INFO - Registry manager initialized (backup location: C:\Users\haywa\AppData\Local\Temp\ghosty_toolz_registry_backups)
2026-02-07 23:35:47 - registry_manager - INFO - Loaded 17 registry tweaks
2026-02-07 23:35:48 - danger_tab - INFO - DANGER tab initialized
2026-02-07 23:35:48 - main_window - INFO - DANGER ZONE tab created
2026-02-07 23:35:48 - settings_tab - INFO - Settings tab initialized
2026-02-07 23:35:48 - main_window - INFO - Settings tab created
2026-02-07 23:35:48 - main_window - INFO - DANGER ZONE tab button styling configured
2026-02-07 23:35:48 - main_window - INFO - Main window initialized
2026-02-07 23:35:48 - main - INFO - Application started successfully
2026-02-07 23:36:02 - diagnostics_tab - INFO - User initiated ping test to 8.8.8.8
2026-02-07 23:36:02 - network_diagnostics - INFO - Starting ping test to 8.8.8.8 with 10 packets
2026-02-07 23:36:02 - system_operations - INFO - Executing command: ping -n 10 -w 2000 8.8.8.8
2026-02-07 23:36:11 - system_operations - INFO - Command completed successfully: ping -n 10 -w 2000 8.8.8.8
2026-02-07 23:36:11 - network_diagnostics - INFO - Ping test completed: 8.8.8.8 - Avg: 9.20ms, Loss: 0.0%, Quality: excellent
2026-02-07 23:36:14 - diagnostics_tab - INFO - User initiated DNS lookup for www.google.com
2026-02-07 23:36:14 - network_diagnostics - INFO - Starting DNS lookup for www.google.com
2026-02-07 23:36:14 - system_operations - INFO - Executing command: powershell -Command "Get-DnsClientServerAddress -AddressFamily IPv4 | Where-Object {$_.ServerAddress
2026-02-07 23:36:14 - system_operations - WARNING - Using shell=True for command (security risk): powershell -Command "Get-DnsClientServerAddress -A
2026-02-07 23:36:15 - system_operations - INFO - Command completed successfully: powershell -Command "Get-DnsClientServerAddress -A
2026-02-07 23:36:15 - network_diagnostics - INFO - DNS lookup completed: www.google.com -> ['192.178.223.99', '192.178.223.106', '192.178.223.147', '192.178.223.105', '192.178.223.104', '192.178.223.103'] (9.81ms)
2026-02-07 23:36:17 - diagnostics_tab - INFO - User initiated traceroute to 8.8.8.8
2026-02-07 23:36:17 - network_diagnostics - INFO - Starting traceroute to 8.8.8.8
2026-02-07 23:36:17 - system_operations - INFO - Executing command: tracert -h 30 8.8.8.8
2026-02-07 23:36:56 - system_operations - INFO - Command completed successfully: tracert -h 30 8.8.8.8
2026-02-07 23:36:56 - network_diagnostics - INFO - Traceroute completed: 9 hops to 8.8.8.8
2026-02-07 23:37:10 - diagnostics_tab - INFO - User initiated ping test to 8.8.8.8
2026-02-07 23:37:10 - network_diagnostics - INFO - Starting ping test to 8.8.8.8 with 10 packets
2026-02-07 23:37:10 - system_operations - INFO - Executing command: ping -n 10 -w 2000 8.8.8.8
2026-02-07 23:37:19 - system_operations - INFO - Command completed successfully: ping -n 10 -w 2000 8.8.8.8
2026-02-07 23:37:19 - network_diagnostics - INFO - Ping test completed: 8.8.8.8 - Avg: 9.20ms, Loss: 0.0%, Quality: excellent
2026-02-07 23:37:22 - diagnostics_tab - INFO - User initiated DNS lookup for www.google.com
2026-02-07 23:37:22 - network_diagnostics - INFO - Starting DNS lookup for www.google.com
2026-02-07 23:37:22 - system_operations - INFO - Executing command: powershell -Command "Get-DnsClientServerAddress -AddressFamily IPv4 | Where-Object {$_.ServerAddress
2026-02-07 23:37:22 - system_operations - WARNING - Using shell=True for command (security risk): powershell -Command "Get-DnsClientServerAddress -A
2026-02-07 23:37:23 - system_operations - INFO - Command completed successfully: powershell -Command "Get-DnsClientServerAddress -A
2026-02-07 23:37:23 - network_diagnostics - INFO - DNS lookup completed: www.google.com -> ['192.178.223.103', '192.178.223.104', '192.178.223.106', '192.178.223.99', '192.178.223.105', '192.178.223.147'] (0.00ms)
2026-02-07 23:37:42 - diagnostics_tab - INFO - User initiated DNS lookup for thecloud.org.uk
2026-02-07 23:37:42 - network_diagnostics - INFO - Starting DNS lookup for thecloud.org.uk
2026-02-07 23:37:42 - system_operations - INFO - Executing command: powershell -Command "Get-DnsClientServerAddress -AddressFamily IPv4 | Where-Object {$_.ServerAddress
2026-02-07 23:37:42 - system_operations - WARNING - Using shell=True for command (security risk): powershell -Command "Get-DnsClientServerAddress -A
2026-02-07 23:37:43 - system_operations - INFO - Command completed successfully: powershell -Command "Get-DnsClientServerAddress -A
2026-02-07 23:37:48 - network_diagnostics - INFO - DNS lookup completed: thecloud.org.uk -> ['104.20.45.54', '172.66.175.229'] (1.57ms)
2026-02-07 23:38:03 - diagnostics_tab - INFO - User initiated ping test to 8.8.8.8
2026-02-07 23:38:03 - network_diagnostics - INFO - Starting ping test to 8.8.8.8 with 5 packets
2026-02-07 23:38:03 - system_operations - INFO - Executing command: ping -n 5 -w 2000 8.8.8.8
2026-02-07 23:38:07 - system_operations - INFO - Command completed successfully: ping -n 5 -w 2000 8.8.8.8
2026-02-07 23:38:07 - network_diagnostics - INFO - Ping test completed: 8.8.8.8 - Avg: 9.40ms, Loss: 0.0%, Quality: excellent
2026-02-07 23:38:19 - diagnostics_tab - INFO - User initiated DNS lookup for google.co.uk
2026-02-07 23:38:19 - network_diagnostics - INFO - Starting DNS lookup for google.co.uk
2026-02-07 23:38:19 - system_operations - INFO - Executing command: powershell -Command "Get-DnsClientServerAddress -AddressFamily IPv4 | Where-Object {$_.ServerAddress
2026-02-07 23:38:19 - system_operations - WARNING - Using shell=True for command (security risk): powershell -Command "Get-DnsClientServerAddress -A
2026-02-07 23:38:20 - system_operations - INFO - Command completed successfully: powershell -Command "Get-DnsClientServerAddress -A
2026-02-07 23:38:20 - network_diagnostics - INFO - DNS lookup completed: google.co.uk -> ['142.251.30.94'] (4.01ms)
2026-02-07 23:38:36 - danger_tab - INFO - Manual registry backup requested
2026-02-07 23:38:36 - registry_manager - INFO - Creating registry backup: reg_backup_20260207_233836
2026-02-07 23:38:36 - registry_manager - INFO - Creating full registry backup (HKEY_CURRENT_USER)
2026-02-07 23:38:37 - registry_manager - INFO - Deleted old backup: reg_backup_20260207_220620
2026-02-07 23:38:37 - registry_manager - INFO - Registry backup completed: reg_backup_20260207_233836
2026-02-07 23:38:53 - registry_manager - INFO - Registry manager initialized (backup location: C:\Users\haywa\AppData\Local\Temp\ghosty_toolz_registry_backups)
2026-02-07 23:38:53 - registry_manager - INFO - Loaded 17 registry tweaks
2026-02-07 23:38:53 - settings_tab - INFO - Restoring all registry changes to defaults...
2026-02-07 23:38:53 - registry_manager - INFO - Restoring all registry tweaks to defaults
2026-02-07 23:38:53 - registry_manager - INFO - Found 2 applied tweaks to restore
2026-02-07 23:38:53 - registry_manager - INFO - Restoring registry tweak to default: Show File Extensions
2026-02-07 23:38:53 - registry_manager - INFO - Registry tweak restored to default: Show File Extensions
2026-02-07 23:38:53 - registry_manager - INFO - Restored tweak to default: Show File Extensions
2026-02-07 23:38:53 - registry_manager - INFO - Restoring registry tweak to default: Show Hidden Files
2026-02-07 23:38:53 - registry_manager - INFO - Registry tweak restored to default: Show Hidden Files
2026-02-07 23:38:53 - registry_manager - INFO - Restored tweak to default: Show Hidden Files
2026-02-07 23:38:53 - registry_manager - INFO - Restore all completed: 2/2 successful
2026-02-07 23:38:53 - settings_tab - INFO - Successfully restored 2 registry tweaks to defaults
2026-02-07 23:38:53 - settings_tab - INFO - Deleting registry backup directory...
2026-02-07 23:38:53 - settings_tab - INFO - Registry backups deleted
2026-02-07 23:38:53 - settings_tab - INFO - Resetting configuration to defaults...
2026-02-07 23:38:53 - config - INFO - Resetting configuration to defaults
2026-02-07 23:38:53 - config - INFO - Default configuration saved to C:\Users\haywa\Downloads\test\ghosty-toolz-evolved\dist\GhostyToolzEvolved\_internal\config\config.yaml
2026-02-07 23:38:53 - settings_tab - INFO - Clearing log files...
2026-02-07 23:39:12 - main_window - INFO - Application closing
2026-02-07 23:39:12 - monitoring_tab - INFO - Stopping monitoring
2026-02-07 23:39:12 - monitoring - INFO - Stopping monitoring service
2026-02-07 23:39:12 - monitoring - INFO - Monitoring service stopped
2026-02-07 23:39:12 - main - INFO - Application closed normally
2026-02-07 23:39:20 - config - INFO - Loaded configuration from C:\Users\haywa\Downloads\test\ghosty-toolz-evolved\dist\GhostyToolzEvolved\_internal\config\config.yaml
2026-02-07 23:39:21 - main - INFO - Logging initialized
2026-02-07 23:39:21 - main - INFO - Ghosty Toolz Evolved v2.0.0 starting
2026-02-07 23:39:21 - main - INFO - Checking requirements...
2026-02-07 23:39:21 - main - INFO - Requirements check passed
2026-02-07 23:39:21 - main - INFO - Running with administrator privileges
2026-02-07 23:39:21 - main - INFO - Configuration loaded
2026-02-07 23:39:21 - main - INFO - Creating main window...
2026-02-07 23:39:21 - monitoring - INFO - Monitoring service initialized
2026-02-07 23:39:21 - performance_profiler - INFO - Performance profiler initialized
2026-02-07 23:39:21 - monitoring_tab - INFO - Starting monitoring
2026-02-07 23:39:21 - monitoring - INFO - Starting monitoring service
2026-02-07 23:39:21 - monitoring - INFO - All monitoring threads started
2026-02-07 23:39:21 - monitoring_tab - INFO - Monitoring tab initialized
2026-02-07 23:39:21 - main_window - INFO - Monitoring tab created
2026-02-07 23:39:21 - network_diagnostics - INFO - Network diagnostics initialized
2026-02-07 23:39:22 - diagnostics_tab - INFO - Diagnostics tab initialized
2026-02-07 23:39:22 - main_window - INFO - Diagnostics tab created
2026-02-07 23:39:22 - maintenance_tab - INFO - Maintenance tab initialized
2026-02-07 23:39:22 - main_window - INFO - Maintenance tab created
2026-02-07 23:39:22 - security_scanner - INFO - Security scanner initialized
2026-02-07 23:39:22 - remediation - INFO - Automated remediation initialized
2026-02-07 23:39:22 - system_operations - INFO - Executing command: powershell -Command "Get-MpComputerStatus | Select-Object -ExpandProperty AntivirusEnabled"
2026-02-07 23:39:22 - system_operations - WARNING - Using shell=True for command (security risk): powershell -Command "Get-MpComputerStatus | Select
2026-02-07 23:39:23 - system_operations - INFO - Command completed successfully: powershell -Command "Get-MpComputerStatus | Select
2026-02-07 23:39:23 - security_scanner - INFO - Checking firewall status
2026-02-07 23:39:23 - system_operations - INFO - Executing command: netsh advfirewall show allprofiles
2026-02-07 23:39:23 - system_operations - INFO - Command completed successfully: netsh advfirewall show allprofiles
2026-02-07 23:39:23 - system_operations - INFO - Executing command: netsh advfirewall firewall show rule name=all dir=in | find /c "Rule Name"
2026-02-07 23:39:23 - system_operations - WARNING - Using shell=True for command (security risk): netsh advfirewall firewall show rule name=all dir=
2026-02-07 23:39:23 - system_operations - INFO - Command completed successfully: netsh advfirewall firewall show rule name=all dir=
2026-02-07 23:39:23 - system_operations - INFO - Executing command: netsh advfirewall firewall show rule name=all dir=out | find /c "Rule Name"
2026-02-07 23:39:23 - system_operations - WARNING - Using shell=True for command (security risk): netsh advfirewall firewall show rule name=all dir=
2026-02-07 23:39:24 - system_operations - INFO - Command completed successfully: netsh advfirewall firewall show rule name=all dir=
2026-02-07 23:39:24 - security_scanner - INFO - Firewall status: Enabled (In: 243, Out: 210)
2026-02-07 23:39:24 - security_tab - INFO - Security tab initialized
2026-02-07 23:39:24 - main_window - INFO - Security tab created
2026-02-07 23:39:24 - registry_manager - INFO - Registry manager initialized (backup location: C:\Users\haywa\AppData\Local\Temp\ghosty_toolz_registry_backups)
2026-02-07 23:39:24 - registry_manager - INFO - Loaded 17 registry tweaks
2026-02-07 23:39:25 - danger_tab - INFO - DANGER tab initialized
2026-02-07 23:39:25 - main_window - INFO - DANGER ZONE tab created
2026-02-07 23:39:25 - settings_tab - INFO - Settings tab initialized
2026-02-07 23:39:25 - main_window - INFO - Settings tab created
2026-02-07 23:39:25 - main_window - INFO - DANGER ZONE tab button styling configured
2026-02-07 23:39:25 - main_window - INFO - Main window initialized
2026-02-07 23:39:25 - main - INFO - Application started successfully
2026-02-07 23:39:57 - security_tab - INFO - User requested remediation: flush_dns
2026-02-07 23:39:58 - remediation - INFO - Executing remediation: Flush DNS Cache (dry_run=False)
2026-02-07 23:39:58 - system_operations - INFO - Executing command: ipconfig /flushdns
2026-02-07 23:39:58 - system_operations - WARNING - Using shell=True for command (security risk): ipconfig /flushdns
2026-02-07 23:39:58 - system_operations - INFO - Command completed successfully: ipconfig /flushdns
2026-02-07 23:39:58 - remediation - INFO - Remediation successful: Flush DNS Cache
2026-02-07 23:40:08 - maintenance_tab - INFO - User initiated DNS cache view
2026-02-07 23:40:08 - system_operations - INFO - Viewing DNS cache
2026-02-07 23:40:08 - system_operations - INFO - Executing command: ipconfig /displaydns
2026-02-07 23:40:08 - system_operations - INFO - Command completed successfully: ipconfig /displaydns
2026-02-07 23:40:24 - maintenance_tab - INFO - User initiated DNS flush
2026-02-07 23:40:24 - system_operations - INFO - Flushing DNS cache
2026-02-07 23:40:24 - system_operations - INFO - Executing command: ipconfig /flushdns
2026-02-07 23:40:24 - system_operations - INFO - Command completed successfully: ipconfig /flushdns
2026-02-07 23:40:24 - system_operations - INFO - DNS cache flushed successfully
2026-02-07 23:40:28 - maintenance_tab - INFO - User initiated DNS cache view
2026-02-07 23:40:28 - system_operations - INFO - Viewing DNS cache
2026-02-07 23:40:28 - system_operations - INFO - Executing command: ipconfig /displaydns
2026-02-07 23:40:28 - system_operations - INFO - Command completed successfully: ipconfig /displaydns
2026-02-07 23:40:42 - maintenance_tab - INFO - User initiated disk health check
2026-02-07 23:40:42 - system_operations - INFO - Executing command: wmic diskdrive get status
2026-02-07 23:40:42 - system_operations - INFO - Command completed successfully: wmic diskdrive get status
2026-02-07 23:41:09 - main_window - INFO - Application closing
2026-02-07 23:41:09 - monitoring_tab - INFO - Stopping monitoring
2026-02-07 23:41:09 - monitoring - INFO - Stopping monitoring service
2026-02-07 23:41:14 - monitoring - INFO - Monitoring service stopped
2026-02-07 23:41:14 - main - INFO - Application closed normally
